{"C:\\Users\\Asus\\Desktop\\RevatureProject\\Project_P0\\src\\daos\\address-dao.ts": {"path":"C:\\Users\\Asus\\Desktop\\RevatureProject\\Project_P0\\src\\daos\\address-dao.ts","statementMap":{"0":{"start":{"line":1,"column":0},"end":{"line":1,"column":26}},"1":{"start":{"line":7,"column":16},"end":{"line":7,"column":41}},"2":{"start":{"line":8,"column":19},"end":{"line":8,"column":55}},"3":{"start":{"line":9,"column":4},"end":{"line":9,"column":23}},"4":{"start":{"line":5,"column":0},"end":{"line":5,"column":22}},"5":{"start":{"line":14,"column":40},"end":{"line":14,"column":70}},"6":{"start":{"line":16,"column":4},"end":{"line":18,"column":null}},"7":{"start":{"line":17,"column":8},"end":{"line":17,"column":25}},"8":{"start":{"line":20,"column":15},"end":{"line":20,"column":54}},"9":{"start":{"line":21,"column":19},"end":{"line":21,"column":60}},"10":{"start":{"line":22,"column":4},"end":{"line":22,"column":32}},"11":{"start":{"line":23,"column":4},"end":{"line":23,"column":26}},"12":{"start":{"line":12,"column":0},"end":{"line":12,"column":22}},"13":{"start":{"line":30,"column":16},"end":{"line":30,"column":72}},"14":{"start":{"line":31,"column":19},"end":{"line":31,"column":59}},"15":{"start":{"line":32,"column":4},"end":{"line":32,"column":33}},"16":{"start":{"line":29,"column":0},"end":{"line":29,"column":22}},"17":{"start":{"line":44,"column":16},"end":{"line":44,"column":105}},"18":{"start":{"line":45,"column":18},"end":{"line":50,"column":2}},"19":{"start":{"line":51,"column":0},"end":{"line":51,"column":50}},"20":{"start":{"line":52,"column":0},"end":{"line":52,"column":22}},"21":{"start":{"line":43,"column":0},"end":{"line":43,"column":22}}},"fnMap":{"0":{"name":"getAllAddresses","decl":{"start":{"line":5,"column":22},"end":{"line":5,"column":37}},"loc":{"start":{"line":5,"column":37},"end":{"line":10,"column":null}}},"1":{"name":"getaddressById","decl":{"start":{"line":12,"column":22},"end":{"line":12,"column":36}},"loc":{"start":{"line":12,"column":54},"end":{"line":24,"column":null}}},"2":{"name":"addressExists","decl":{"start":{"line":29,"column":22},"end":{"line":29,"column":35}},"loc":{"start":{"line":29,"column":53},"end":{"line":33,"column":null}}},"3":{"name":"saveAddress","decl":{"start":{"line":43,"column":22},"end":{"line":43,"column":33}},"loc":{"start":{"line":43,"column":50},"end":{"line":54,"column":null}}}},"branchMap":{"0":{"loc":{"start":{"line":16,"column":4},"end":{"line":18,"column":null}},"type":"if","locations":[{"start":{"line":16,"column":4},"end":{"line":18,"column":null}},{"start":{"line":16,"column":4},"end":{"line":18,"column":null}}]}},"s":{"0":1,"1":0,"2":0,"3":0,"4":1,"5":0,"6":0,"7":0,"8":0,"9":0,"10":0,"11":0,"12":1,"13":0,"14":0,"15":0,"16":1,"17":0,"18":0,"19":0,"20":0,"21":1},"f":{"0":0,"1":0,"2":0,"3":0},"b":{"0":[0,0]}}
,"C:\\Users\\Asus\\Desktop\\RevatureProject\\Project_P0\\src\\daos\\courses-dao.ts": {"path":"C:\\Users\\Asus\\Desktop\\RevatureProject\\Project_P0\\src\\daos\\courses-dao.ts","statementMap":{"0":{"start":{"line":1,"column":0},"end":{"line":1,"column":26}},"1":{"start":{"line":7,"column":16},"end":{"line":7,"column":39}},"2":{"start":{"line":8,"column":19},"end":{"line":8,"column":54}},"3":{"start":{"line":9,"column":4},"end":{"line":9,"column":23}},"4":{"start":{"line":5,"column":0},"end":{"line":5,"column":22}},"5":{"start":{"line":14,"column":39},"end":{"line":14,"column":67}},"6":{"start":{"line":16,"column":4},"end":{"line":18,"column":null}},"7":{"start":{"line":17,"column":8},"end":{"line":17,"column":25}},"8":{"start":{"line":20,"column":15},"end":{"line":20,"column":52}},"9":{"start":{"line":21,"column":19},"end":{"line":21,"column":58}},"10":{"start":{"line":22,"column":4},"end":{"line":22,"column":32}},"11":{"start":{"line":23,"column":4},"end":{"line":23,"column":26}},"12":{"start":{"line":12,"column":0},"end":{"line":12,"column":22}},"13":{"start":{"line":30,"column":16},"end":{"line":30,"column":70}},"14":{"start":{"line":31,"column":19},"end":{"line":31,"column":58}},"15":{"start":{"line":32,"column":4},"end":{"line":32,"column":33}},"16":{"start":{"line":29,"column":0},"end":{"line":29,"column":22}},"17":{"start":{"line":43,"column":16},"end":{"line":43,"column":142}},"18":{"start":{"line":44,"column":18},"end":{"line":50,"column":2}},"19":{"start":{"line":51,"column":1},"end":{"line":51,"column":53}},"20":{"start":{"line":52,"column":0},"end":{"line":52,"column":22}},"21":{"start":{"line":42,"column":0},"end":{"line":42,"column":22}}},"fnMap":{"0":{"name":"getAllCourses","decl":{"start":{"line":5,"column":22},"end":{"line":5,"column":35}},"loc":{"start":{"line":5,"column":35},"end":{"line":10,"column":null}}},"1":{"name":"getCourseById","decl":{"start":{"line":12,"column":22},"end":{"line":12,"column":35}},"loc":{"start":{"line":12,"column":52},"end":{"line":24,"column":null}}},"2":{"name":"courseExists","decl":{"start":{"line":29,"column":22},"end":{"line":29,"column":34}},"loc":{"start":{"line":29,"column":51},"end":{"line":33,"column":null}}},"3":{"name":"saveCourse","decl":{"start":{"line":42,"column":22},"end":{"line":42,"column":32}},"loc":{"start":{"line":42,"column":47},"end":{"line":54,"column":null}}}},"branchMap":{"0":{"loc":{"start":{"line":16,"column":4},"end":{"line":18,"column":null}},"type":"if","locations":[{"start":{"line":16,"column":4},"end":{"line":18,"column":null}},{"start":{"line":16,"column":4},"end":{"line":18,"column":null}}]}},"s":{"0":1,"1":0,"2":0,"3":0,"4":1,"5":0,"6":0,"7":0,"8":0,"9":0,"10":0,"11":0,"12":1,"13":0,"14":0,"15":0,"16":1,"17":0,"18":0,"19":0,"20":0,"21":1},"f":{"0":0,"1":0,"2":0,"3":0},"b":{"0":[0,0]}}
,"C:\\Users\\Asus\\Desktop\\RevatureProject\\Project_P0\\src\\daos\\db.ts": {"path":"C:\\Users\\Asus\\Desktop\\RevatureProject\\Project_P0\\src\\daos\\db.ts","statementMap":{"0":{"start":{"line":2,"column":0},"end":{"line":2,"column":26}},"1":{"start":{"line":5,"column":13},"end":{"line":11,"column":3}},"2":{"start":{"line":15,"column":0},"end":{"line":17,"column":3}},"3":{"start":{"line":16,"column":4},"end":{"line":16,"column":59}}},"fnMap":{"0":{"name":"(anonymous_0)","decl":{"start":{"line":15,"column":17},"end":{"line":15,"column":18}},"loc":{"start":{"line":15,"column":28},"end":{"line":17,"column":1}}}},"branchMap":{},"s":{"0":3,"1":3,"2":3,"3":0},"f":{"0":0},"b":{}}
,"C:\\Users\\Asus\\Desktop\\RevatureProject\\Project_P0\\src\\daos\\person-dao.ts": {"path":"C:\\Users\\Asus\\Desktop\\RevatureProject\\Project_P0\\src\\daos\\person-dao.ts","statementMap":{"0":{"start":{"line":1,"column":0},"end":{"line":1,"column":26}},"1":{"start":{"line":7,"column":14},"end":{"line":7,"column":37}},"2":{"start":{"line":15,"column":19},"end":{"line":15,"column":54}},"3":{"start":{"line":16,"column":4},"end":{"line":16,"column":23}},"4":{"start":{"line":5,"column":0},"end":{"line":5,"column":22}},"5":{"start":{"line":21,"column":39},"end":{"line":21,"column":67}},"6":{"start":{"line":23,"column":4},"end":{"line":25,"column":null}},"7":{"start":{"line":24,"column":8},"end":{"line":24,"column":25}},"8":{"start":{"line":27,"column":15},"end":{"line":27,"column":51}},"9":{"start":{"line":28,"column":19},"end":{"line":28,"column":58}},"10":{"start":{"line":29,"column":4},"end":{"line":29,"column":32}},"11":{"start":{"line":30,"column":4},"end":{"line":30,"column":26}},"12":{"start":{"line":19,"column":0},"end":{"line":19,"column":22}},"13":{"start":{"line":37,"column":16},"end":{"line":37,"column":69}},"14":{"start":{"line":38,"column":19},"end":{"line":38,"column":58}},"15":{"start":{"line":39,"column":4},"end":{"line":39,"column":33}},"16":{"start":{"line":36,"column":0},"end":{"line":36,"column":22}},"17":{"start":{"line":50,"column":16},"end":{"line":51,"column":53}},"18":{"start":{"line":52,"column":18},"end":{"line":60,"column":2}},"19":{"start":{"line":62,"column":0},"end":{"line":62,"column":22}},"20":{"start":{"line":49,"column":0},"end":{"line":49,"column":22}}},"fnMap":{"0":{"name":"getAllPerson","decl":{"start":{"line":5,"column":22},"end":{"line":5,"column":34}},"loc":{"start":{"line":5,"column":34},"end":{"line":17,"column":null}}},"1":{"name":"getPersonById","decl":{"start":{"line":19,"column":22},"end":{"line":19,"column":35}},"loc":{"start":{"line":19,"column":52},"end":{"line":31,"column":null}}},"2":{"name":"PersonExists","decl":{"start":{"line":36,"column":22},"end":{"line":36,"column":34}},"loc":{"start":{"line":36,"column":51},"end":{"line":40,"column":null}}},"3":{"name":"savePerson","decl":{"start":{"line":49,"column":22},"end":{"line":49,"column":32}},"loc":{"start":{"line":49,"column":47},"end":{"line":64,"column":null}}}},"branchMap":{"0":{"loc":{"start":{"line":23,"column":4},"end":{"line":25,"column":null}},"type":"if","locations":[{"start":{"line":23,"column":4},"end":{"line":25,"column":null}},{"start":{"line":23,"column":4},"end":{"line":25,"column":null}}]}},"s":{"0":1,"1":0,"2":0,"3":0,"4":1,"5":0,"6":0,"7":0,"8":0,"9":0,"10":0,"11":0,"12":1,"13":0,"14":0,"15":0,"16":1,"17":0,"18":0,"19":0,"20":1},"f":{"0":0,"1":0,"2":0,"3":0},"b":{"0":[0,0]}}
,"C:\\Users\\Asus\\Desktop\\RevatureProject\\Project_P0\\src\\models\\Address.ts": {"path":"C:\\Users\\Asus\\Desktop\\RevatureProject\\Project_P0\\src\\models\\Address.ts","statementMap":{"0":{"start":{"line":11,"column":8},"end":{"line":11,"column":27}},"1":{"start":{"line":12,"column":8},"end":{"line":12,"column":23}},"2":{"start":{"line":13,"column":8},"end":{"line":13,"column":25}},"3":{"start":{"line":14,"column":8},"end":{"line":14,"column":29}},"4":{"start":{"line":22,"column":24},"end":{"line":26,"column":null}},"5":{"start":{"line":28,"column":8},"end":{"line":28,"column":23}},"6":{"start":{"line":3,"column":0},"end":{"line":3,"column":13}}},"fnMap":{"0":{"name":"(anonymous_0)","decl":{"start":{"line":10,"column":4},"end":{"line":10,"column":16}},"loc":{"start":{"line":10,"column":69},"end":{"line":16,"column":5}}},"1":{"name":"(anonymous_1)","decl":{"start":{"line":21,"column":4},"end":{"line":21,"column":10}},"loc":{"start":{"line":21,"column":33},"end":{"line":29,"column":5}}}},"branchMap":{},"s":{"0":4,"1":4,"2":4,"3":4,"4":0,"5":0,"6":1},"f":{"0":4,"1":0},"b":{}}
,"C:\\Users\\Asus\\Desktop\\RevatureProject\\Project_P0\\src\\models\\Course.ts": {"path":"C:\\Users\\Asus\\Desktop\\RevatureProject\\Project_P0\\src\\models\\Course.ts","statementMap":{"0":{"start":{"line":13,"column":8},"end":{"line":13,"column":37}},"1":{"start":{"line":14,"column":8},"end":{"line":14,"column":37}},"2":{"start":{"line":15,"column":8},"end":{"line":15,"column":37}},"3":{"start":{"line":16,"column":8},"end":{"line":16,"column":37}},"4":{"start":{"line":17,"column":8},"end":{"line":17,"column":37}},"5":{"start":{"line":24,"column":23},"end":{"line":29,"column":null}},"6":{"start":{"line":31,"column":8},"end":{"line":31,"column":22}},"7":{"start":{"line":3,"column":0},"end":{"line":3,"column":13}}},"fnMap":{"0":{"name":"(anonymous_0)","decl":{"start":{"line":12,"column":4},"end":{"line":12,"column":16}},"loc":{"start":{"line":12,"column":110},"end":{"line":18,"column":5}}},"1":{"name":"(anonymous_1)","decl":{"start":{"line":23,"column":4},"end":{"line":23,"column":10}},"loc":{"start":{"line":23,"column":32},"end":{"line":32,"column":5}}}},"branchMap":{},"s":{"0":4,"1":4,"2":4,"3":4,"4":4,"5":0,"6":0,"7":1},"f":{"0":4,"1":0},"b":{}}
,"C:\\Users\\Asus\\Desktop\\RevatureProject\\Project_P0\\src\\models\\Person.ts": {"path":"C:\\Users\\Asus\\Desktop\\RevatureProject\\Project_P0\\src\\models\\Person.ts","statementMap":{"0":{"start":{"line":17,"column":8},"end":{"line":17,"column":35}},"1":{"start":{"line":18,"column":8},"end":{"line":18,"column":33}},"2":{"start":{"line":19,"column":8},"end":{"line":19,"column":25}},"3":{"start":{"line":20,"column":8},"end":{"line":20,"column":23}},"4":{"start":{"line":21,"column":8},"end":{"line":21,"column":25}},"5":{"start":{"line":22,"column":8},"end":{"line":22,"column":43}},"6":{"start":{"line":23,"column":8},"end":{"line":23,"column":39}},"7":{"start":{"line":30,"column":23},"end":{"line":37,"column":null}},"8":{"start":{"line":39,"column":8},"end":{"line":39,"column":22}},"9":{"start":{"line":5,"column":0},"end":{"line":5,"column":13}}},"fnMap":{"0":{"name":"(anonymous_0)","decl":{"start":{"line":16,"column":4},"end":{"line":16,"column":16}},"loc":{"start":{"line":16,"column":130},"end":{"line":24,"column":5}}},"1":{"name":"(anonymous_1)","decl":{"start":{"line":29,"column":4},"end":{"line":29,"column":10}},"loc":{"start":{"line":29,"column":32},"end":{"line":40,"column":5}}}},"branchMap":{},"s":{"0":4,"1":4,"2":4,"3":4,"4":4,"5":4,"6":4,"7":0,"8":0,"9":1},"f":{"0":4,"1":0},"b":{}}
,"C:\\Users\\Asus\\Desktop\\RevatureProject\\Project_P0\\src\\services\\address-service.ts": {"path":"C:\\Users\\Asus\\Desktop\\RevatureProject\\Project_P0\\src\\services\\address-service.ts","statementMap":{"0":{"start":{"line":2,"column":0},"end":{"line":2,"column":44}},"1":{"start":{"line":3,"column":0},"end":{"line":3,"column":49}},"2":{"start":{"line":8,"column":4},"end":{"line":8,"column":40}},"3":{"start":{"line":6,"column":0},"end":{"line":6,"column":16}},"4":{"start":{"line":13,"column":4},"end":{"line":13,"column":41}},"5":{"start":{"line":12,"column":0},"end":{"line":12,"column":16}},"6":{"start":{"line":19,"column":23},"end":{"line":23,"column":null}},"7":{"start":{"line":25,"column":4},"end":{"line":32,"column":null}},"8":{"start":{"line":27,"column":8},"end":{"line":27,"column":50}},"9":{"start":{"line":31,"column":8},"end":{"line":31,"column":61}},"10":{"start":{"line":31,"column":48},"end":{"line":31,"column":59}},"11":{"start":{"line":16,"column":0},"end":{"line":16,"column":16}}},"fnMap":{"0":{"name":"getAllAddresses","decl":{"start":{"line":6,"column":16},"end":{"line":6,"column":31}},"loc":{"start":{"line":6,"column":31},"end":{"line":9,"column":1}}},"1":{"name":"getaddressById","decl":{"start":{"line":12,"column":16},"end":{"line":12,"column":30}},"loc":{"start":{"line":12,"column":41},"end":{"line":14,"column":1}}},"2":{"name":"saveAddress","decl":{"start":{"line":16,"column":16},"end":{"line":16,"column":27}},"loc":{"start":{"line":16,"column":44},"end":{"line":33,"column":1}}},"3":{"name":"(anonymous_9)","decl":{"start":{"line":31,"column":27},"end":{"line":31,"column":28}},"loc":{"start":{"line":31,"column":48},"end":{"line":31,"column":59}}}},"branchMap":{"0":{"loc":{"start":{"line":25,"column":4},"end":{"line":32,"column":null}},"type":"if","locations":[{"start":{"line":25,"column":4},"end":{"line":32,"column":null}},{"start":{"line":25,"column":4},"end":{"line":32,"column":null}}]},"1":{"loc":{"start":{"line":25,"column":7},"end":{"line":25,"column":24}},"type":"binary-expr","locations":[{"start":{"line":25,"column":7},"end":{"line":25,"column":24}},{"start":{"line":25,"column":28},"end":{"line":25,"column":43}},{"start":{"line":25,"column":47},"end":{"line":25,"column":63}},{"start":{"line":25,"column":67},"end":{"line":25,"column":85}}]}},"s":{"0":1,"1":1,"2":1,"3":1,"4":1,"5":1,"6":2,"7":2,"8":1,"9":1,"10":1,"11":1},"f":{"0":1,"1":1,"2":2,"3":1},"b":{"0":[1,1],"1":[2,2,2,1]}}
,"C:\\Users\\Asus\\Desktop\\RevatureProject\\Project_P0\\src\\services\\course-service.ts": {"path":"C:\\Users\\Asus\\Desktop\\RevatureProject\\Project_P0\\src\\services\\course-service.ts","statementMap":{"0":{"start":{"line":2,"column":0},"end":{"line":2,"column":42}},"1":{"start":{"line":3,"column":0},"end":{"line":3,"column":48}},"2":{"start":{"line":7,"column":4},"end":{"line":7,"column":37}},"3":{"start":{"line":6,"column":0},"end":{"line":6,"column":16}},"4":{"start":{"line":12,"column":4},"end":{"line":12,"column":39}},"5":{"start":{"line":11,"column":0},"end":{"line":11,"column":16}},"6":{"start":{"line":17,"column":4},"end":{"line":17,"column":null}},"7":{"start":{"line":19,"column":22},"end":{"line":24,"column":null}},"8":{"start":{"line":28,"column":7},"end":{"line":28,"column":47}},"9":{"start":{"line":35,"column":4},"end":{"line":42,"column":null}},"10":{"start":{"line":37,"column":8},"end":{"line":37,"column":47}},"11":{"start":{"line":41,"column":8},"end":{"line":41,"column":61}},"12":{"start":{"line":41,"column":48},"end":{"line":41,"column":59}},"13":{"start":{"line":16,"column":0},"end":{"line":16,"column":16}}},"fnMap":{"0":{"name":"getAllCourses","decl":{"start":{"line":6,"column":16},"end":{"line":6,"column":29}},"loc":{"start":{"line":6,"column":29},"end":{"line":8,"column":1}}},"1":{"name":"getCourseById","decl":{"start":{"line":11,"column":16},"end":{"line":11,"column":29}},"loc":{"start":{"line":11,"column":40},"end":{"line":13,"column":1}}},"2":{"name":"saveCourse","decl":{"start":{"line":16,"column":16},"end":{"line":16,"column":26}},"loc":{"start":{"line":16,"column":41},"end":{"line":43,"column":1}}},"3":{"name":"(anonymous_9)","decl":{"start":{"line":41,"column":27},"end":{"line":41,"column":28}},"loc":{"start":{"line":41,"column":48},"end":{"line":41,"column":59}}}},"branchMap":{"0":{"loc":{"start":{"line":35,"column":4},"end":{"line":42,"column":null}},"type":"if","locations":[{"start":{"line":35,"column":4},"end":{"line":42,"column":null}},{"start":{"line":35,"column":4},"end":{"line":42,"column":null}}]},"1":{"loc":{"start":{"line":35,"column":7},"end":{"line":35,"column":28}},"type":"binary-expr","locations":[{"start":{"line":35,"column":7},"end":{"line":35,"column":28}},{"start":{"line":35,"column":32},"end":{"line":35,"column":53}},{"start":{"line":35,"column":57},"end":{"line":35,"column":78}},{"start":{"line":35,"column":81},"end":{"line":35,"column":102}},{"start":{"line":35,"column":105},"end":{"line":35,"column":126}}]}},"s":{"0":1,"1":1,"2":1,"3":1,"4":1,"5":1,"6":2,"7":2,"8":2,"9":2,"10":1,"11":1,"12":1,"13":1},"f":{"0":1,"1":1,"2":2,"3":1},"b":{"0":[1,1],"1":[2,1,1,1,1]}}
,"C:\\Users\\Asus\\Desktop\\RevatureProject\\Project_P0\\src\\services\\person-service.ts": {"path":"C:\\Users\\Asus\\Desktop\\RevatureProject\\Project_P0\\src\\services\\person-service.ts","statementMap":{"0":{"start":{"line":1,"column":0},"end":{"line":1,"column":40}},"1":{"start":{"line":2,"column":0},"end":{"line":2,"column":48}},"2":{"start":{"line":5,"column":4},"end":{"line":5,"column":36}},"3":{"start":{"line":4,"column":0},"end":{"line":4,"column":16}},"4":{"start":{"line":9,"column":4},"end":{"line":9,"column":39}},"5":{"start":{"line":8,"column":0},"end":{"line":8,"column":16}},"6":{"start":{"line":16,"column":21},"end":{"line":23,"column":null}},"7":{"start":{"line":26,"column":4},"end":{"line":33,"column":null}},"8":{"start":{"line":28,"column":8},"end":{"line":28,"column":47}},"9":{"start":{"line":32,"column":8},"end":{"line":32,"column":61}},"10":{"start":{"line":32,"column":48},"end":{"line":32,"column":59}},"11":{"start":{"line":13,"column":0},"end":{"line":13,"column":16}}},"fnMap":{"0":{"name":"getAllPerson","decl":{"start":{"line":4,"column":16},"end":{"line":4,"column":28}},"loc":{"start":{"line":4,"column":28},"end":{"line":6,"column":1}}},"1":{"name":"getPersonById","decl":{"start":{"line":8,"column":16},"end":{"line":8,"column":29}},"loc":{"start":{"line":8,"column":40},"end":{"line":10,"column":1}}},"2":{"name":"savePerson","decl":{"start":{"line":13,"column":16},"end":{"line":13,"column":26}},"loc":{"start":{"line":13,"column":41},"end":{"line":34,"column":1}}},"3":{"name":"(anonymous_9)","decl":{"start":{"line":32,"column":27},"end":{"line":32,"column":28}},"loc":{"start":{"line":32,"column":48},"end":{"line":32,"column":59}}}},"branchMap":{"0":{"loc":{"start":{"line":26,"column":4},"end":{"line":33,"column":null}},"type":"if","locations":[{"start":{"line":26,"column":4},"end":{"line":33,"column":null}},{"start":{"line":26,"column":4},"end":{"line":33,"column":null}}]},"1":{"loc":{"start":{"line":26,"column":7},"end":{"line":26,"column":27}},"type":"binary-expr","locations":[{"start":{"line":26,"column":7},"end":{"line":26,"column":27}},{"start":{"line":26,"column":31},"end":{"line":26,"column":50}},{"start":{"line":26,"column":54},"end":{"line":26,"column":69}},{"start":{"line":26,"column":74},"end":{"line":26,"column":88}},{"start":{"line":26,"column":92},"end":{"line":26,"column":116}},{"start":{"line":26,"column":120},"end":{"line":26,"column":135}},{"start":{"line":26,"column":139},"end":{"line":26,"column":161}}]}},"s":{"0":1,"1":1,"2":1,"3":1,"4":1,"5":1,"6":2,"7":2,"8":1,"9":1,"10":1,"11":1},"f":{"0":1,"1":1,"2":2,"3":1},"b":{"0":[1,1],"1":[2,1,1,1,1,1,1]}}
}
