TN:
SF:src\daos\address-dao.ts
FN:5,getAllAddresses
FN:12,getaddressById
FN:29,addressExists
FN:43,saveAddress
FNF:4
FNH:0
FNDA:0,getAllAddresses
FNDA:0,getaddressById
FNDA:0,addressExists
FNDA:0,saveAddress
DA:1,1
DA:5,1
DA:7,0
DA:8,0
DA:9,0
DA:12,1
DA:14,0
DA:16,0
DA:17,0
DA:20,0
DA:21,0
DA:22,0
DA:23,0
DA:29,1
DA:30,0
DA:31,0
DA:32,0
DA:43,1
DA:44,0
DA:45,0
DA:51,0
DA:52,0
LF:22
LH:5
BRDA:16,0,0,0
BRDA:16,0,1,0
BRF:2
BRH:0
end_of_record
TN:
SF:src\daos\courses-dao.ts
FN:5,getAllCourses
FN:12,getCourseById
FN:29,courseExists
FN:42,saveCourse
FNF:4
FNH:0
FNDA:0,getAllCourses
FNDA:0,getCourseById
FNDA:0,courseExists
FNDA:0,saveCourse
DA:1,1
DA:5,1
DA:7,0
DA:8,0
DA:9,0
DA:12,1
DA:14,0
DA:16,0
DA:17,0
DA:20,0
DA:21,0
DA:22,0
DA:23,0
DA:29,1
DA:30,0
DA:31,0
DA:32,0
DA:42,1
DA:43,0
DA:44,0
DA:51,0
DA:52,0
LF:22
LH:5
BRDA:16,0,0,0
BRDA:16,0,1,0
BRF:2
BRH:0
end_of_record
TN:
SF:src\daos\db.ts
FN:15,(anonymous_0)
FNF:1
FNH:0
FNDA:0,(anonymous_0)
DA:2,5
DA:5,5
DA:15,5
DA:16,0
LF:4
LH:3
BRF:0
BRH:0
end_of_record
TN:
SF:src\daos\person-dao.ts
FN:5,getAllPerson
FN:19,getPersonById
FN:36,PersonExists
FN:49,savePerson
FNF:4
FNH:0
FNDA:0,getAllPerson
FNDA:0,getPersonById
FNDA:0,PersonExists
FNDA:0,savePerson
DA:1,1
DA:5,1
DA:7,0
DA:15,0
DA:16,0
DA:19,1
DA:21,0
DA:23,0
DA:24,0
DA:27,0
DA:28,0
DA:29,0
DA:30,0
DA:36,1
DA:37,0
DA:38,0
DA:39,0
DA:49,1
DA:50,0
DA:52,0
DA:62,0
LF:21
LH:5
BRDA:23,0,0,0
BRDA:23,0,1,0
BRF:2
BRH:0
end_of_record
TN:
SF:src\daos\personType-dao.ts
FN:6,getAllPersonType
FN:13,getPersonTypeById
FN:30,PersonTypeExists
FN:43,savePersonType
FNF:4
FNH:0
FNDA:0,getAllPersonType
FNDA:0,getPersonTypeById
FNDA:0,PersonTypeExists
FNDA:0,savePersonType
DA:1,1
DA:6,1
DA:8,0
DA:9,0
DA:10,0
DA:13,1
DA:15,0
DA:17,0
DA:18,0
DA:21,0
DA:22,0
DA:23,0
DA:24,0
DA:30,1
DA:31,0
DA:32,0
DA:33,0
DA:43,1
DA:44,0
DA:45,0
DA:49,0
LF:21
LH:5
BRDA:17,0,0,0
BRDA:17,0,1,0
BRF:2
BRH:0
end_of_record
TN:
SF:src\daos\subjects-dao.ts
FN:6,getAllSubjects
FN:14,getSubjectById
FN:28,subjectExists
FN:41,saveSubject
FNF:4
FNH:0
FNDA:0,getAllSubjects
FNDA:0,getSubjectById
FNDA:0,subjectExists
FNDA:0,saveSubject
DA:1,1
DA:6,1
DA:8,0
DA:9,0
DA:10,0
DA:14,1
DA:15,0
DA:16,0
DA:17,0
DA:19,0
DA:20,0
DA:21,0
DA:28,1
DA:29,0
DA:30,0
DA:31,0
DA:41,1
DA:42,0
DA:43,0
DA:47,0
LF:20
LH:5
BRDA:16,0,0,0
BRDA:16,0,1,0
BRF:2
BRH:0
end_of_record
TN:
SF:src\models\Address.ts
FN:10,(anonymous_0)
FN:21,(anonymous_1)
FNF:2
FNH:1
FNDA:4,(anonymous_0)
FNDA:0,(anonymous_1)
DA:3,1
DA:11,4
DA:12,4
DA:13,4
DA:14,4
DA:22,0
DA:28,0
LF:7
LH:5
BRF:0
BRH:0
end_of_record
TN:
SF:src\models\Course.ts
FN:12,(anonymous_0)
FN:23,(anonymous_1)
FNF:2
FNH:1
FNDA:4,(anonymous_0)
FNDA:0,(anonymous_1)
DA:3,1
DA:13,4
DA:14,4
DA:15,4
DA:16,4
DA:17,4
DA:24,0
DA:31,0
LF:8
LH:6
BRF:0
BRH:0
end_of_record
TN:
SF:src\models\Person.ts
FN:16,(anonymous_0)
FN:29,(anonymous_1)
FNF:2
FNH:1
FNDA:4,(anonymous_0)
FNDA:0,(anonymous_1)
DA:5,1
DA:17,4
DA:18,4
DA:19,4
DA:20,4
DA:21,4
DA:22,4
DA:23,4
DA:30,0
DA:39,0
LF:10
LH:8
BRF:0
BRH:0
end_of_record
TN:
SF:src\models\PersonType.ts
FN:6,(anonymous_0)
FN:13,(anonymous_1)
FNF:2
FNH:1
FNDA:4,(anonymous_0)
FNDA:0,(anonymous_1)
DA:2,1
DA:7,4
DA:14,0
DA:19,0
LF:4
LH:2
BRF:0
BRH:0
end_of_record
TN:
SF:src\models\Subject.ts
FN:5,(anonymous_0)
FN:13,(anonymous_1)
FNF:2
FNH:1
FNDA:4,(anonymous_0)
FNDA:0,(anonymous_1)
DA:1,1
DA:6,4
DA:7,4
DA:14,0
DA:18,0
LF:5
LH:3
BRF:0
BRH:0
end_of_record
TN:
SF:src\services\address-service.ts
FN:6,getAllAddresses
FN:12,getaddressById
FN:16,saveAddress
FN:31,(anonymous_9)
FNF:4
FNH:4
FNDA:1,getAllAddresses
FNDA:1,getaddressById
FNDA:2,saveAddress
FNDA:1,(anonymous_9)
DA:2,1
DA:3,1
DA:6,1
DA:8,1
DA:12,1
DA:13,1
DA:16,1
DA:19,2
DA:25,2
DA:27,1
DA:31,1
LF:11
LH:11
BRDA:25,0,0,1
BRDA:25,0,1,1
BRDA:25,1,0,2
BRDA:25,1,1,2
BRDA:25,1,2,2
BRDA:25,1,3,1
BRF:6
BRH:6
end_of_record
TN:
SF:src\services\course-service.ts
FN:6,getAllCourses
FN:11,getCourseById
FN:16,saveCourse
FN:41,(anonymous_9)
FNF:4
FNH:4
FNDA:1,getAllCourses
FNDA:1,getCourseById
FNDA:2,saveCourse
FNDA:1,(anonymous_9)
DA:2,1
DA:3,1
DA:6,1
DA:7,1
DA:11,1
DA:12,1
DA:16,1
DA:17,2
DA:19,2
DA:28,2
DA:35,2
DA:37,1
DA:41,1
LF:13
LH:13
BRDA:35,0,0,1
BRDA:35,0,1,1
BRDA:35,1,0,2
BRDA:35,1,1,1
BRDA:35,1,2,1
BRDA:35,1,3,1
BRDA:35,1,4,1
BRF:7
BRH:7
end_of_record
TN:
SF:src\services\person-service.ts
FN:4,getAllPerson
FN:8,getPersonById
FN:13,savePerson
FN:32,(anonymous_9)
FNF:4
FNH:4
FNDA:1,getAllPerson
FNDA:1,getPersonById
FNDA:2,savePerson
FNDA:1,(anonymous_9)
DA:1,1
DA:2,1
DA:4,1
DA:5,1
DA:8,1
DA:9,1
DA:13,1
DA:16,2
DA:26,2
DA:28,1
DA:32,1
LF:11
LH:11
BRDA:26,0,0,1
BRDA:26,0,1,1
BRDA:26,1,0,2
BRDA:26,1,1,1
BRDA:26,1,2,1
BRDA:26,1,3,1
BRDA:26,1,4,1
BRDA:26,1,5,1
BRDA:26,1,6,1
BRF:9
BRH:9
end_of_record
TN:
SF:src\services\personType-service.ts
FN:5,getAllPersonType
FN:9,getPersonTypeById
FN:14,savePersonType
FN:27,(anonymous_9)
FNF:4
FNH:4
FNDA:1,getAllPersonType
FNDA:1,getPersonTypeById
FNDA:2,savePersonType
FNDA:1,(anonymous_9)
DA:1,1
DA:2,1
DA:5,1
DA:6,1
DA:9,1
DA:10,1
DA:14,1
DA:17,2
DA:21,2
DA:23,1
DA:27,1
LF:11
LH:11
BRDA:21,0,0,1
BRDA:21,0,1,1
BRF:2
BRH:2
end_of_record
TN:
SF:src\services\subjects-service.ts
FN:7,getAllSubjects
FN:11,getSubjectById
FN:16,saveSubject
FN:30,(anonymous_9)
FNF:4
FNH:4
FNDA:1,getAllSubjects
FNDA:1,getSubjectById
FNDA:2,saveSubject
FNDA:1,(anonymous_9)
DA:3,1
DA:4,1
DA:7,1
DA:8,1
DA:11,1
DA:12,1
DA:16,1
DA:19,2
DA:24,2
DA:26,1
DA:30,1
LF:11
LH:11
BRDA:24,0,0,1
BRDA:24,0,1,1
BRF:2
BRH:2
end_of_record
